<?xml version="1.0" encoding="utf-8"?><testsuites><testsuite name="pytest" errors="0" failures="0" skipped="0" tests="4" time="41.584" timestamp="2024-04-24T19:41:12.508232" hostname="HOGWARTS-HP"><testcase classname="test_home.TestHome" name="test_home[get_data0]" time="12.415" /><testcase classname="test_home.TestHome" name="test_home[get_data1]" time="3.379" /><testcase classname="test_home.TestHome" name="test_home[get_data2]" time="6.228" /><testcase classname="test_shop.TestShop" name="test_shop" time="19.513" /></testsuite></testsuites>